Performing C SOURCE FILE Test CMAKE_HAVE_LIBC_PTHREAD failed with the following output:
Change Dir: /home/chrx/pathfinder/cmake-build-debug/CMakeFiles/CMakeTmp

Run Build Command(s):/snap/clion/193/bin/ninja/linux/ninja cmTC_e47be && [1/2] Building C object CMakeFiles/cmTC_e47be.dir/src.c.o
[2/2] Linking C executable cmTC_e47be
FAILED: cmTC_e47be 
: && /usr/bin/cc -DCMAKE_HAVE_LIBC_PTHREAD  CMakeFiles/cmTC_e47be.dir/src.c.o -o cmTC_e47be   && :
/usr/bin/ld: CMakeFiles/cmTC_e47be.dir/src.c.o: in function `main':
src.c:(.text+0x46): undefined reference to `pthread_create'
/usr/bin/ld: src.c:(.text+0x52): undefined reference to `pthread_detach'
/usr/bin/ld: src.c:(.text+0x5e): undefined reference to `pthread_cancel'
/usr/bin/ld: src.c:(.text+0x6f): undefined reference to `pthread_join'
collect2: error: ld returned 1 exit status
ninja: build stopped: subcommand failed.


Source file was:
#include <pthread.h>

void* test_func(void* data)
{
  return data;
}

int main(void)
{
  pthread_t thread;
  pthread_create(&thread, NULL, test_func, NULL);
  pthread_detach(thread);
  pthread_cancel(thread);
  pthread_join(thread, NULL);
  pthread_atfork(NULL, NULL, NULL);
  pthread_exit(NULL);

  return 0;
}

Determining if the function pthread_create exists in the pthreads failed with the following output:
Change Dir: /home/chrx/pathfinder/cmake-build-debug/CMakeFiles/CMakeTmp

Run Build Command(s):/snap/clion/193/bin/ninja/linux/ninja cmTC_70d74 && [1/2] Building C object CMakeFiles/cmTC_70d74.dir/CheckFunctionExists.c.o
[2/2] Linking C executable cmTC_70d74
FAILED: cmTC_70d74 
: && /usr/bin/cc -DCHECK_FUNCTION_EXISTS=pthread_create  CMakeFiles/cmTC_70d74.dir/CheckFunctionExists.c.o -o cmTC_70d74  -lpthreads && :
/usr/bin/ld: cannot find -lpthreads
collect2: error: ld returned 1 exit status
ninja: build stopped: subcommand failed.



